  Graphics.cpp
c:\users\cyber\documents\visual studio 2015\projects\filex\filex\Graphics.h(58): warning C4244: 'initializing': conversion from 'float' to 'const UINT', possible loss of data
Graphics.cpp(36): warning C4244: '=': conversion from 'float' to 'LONG', possible loss of data
Graphics.cpp(37): warning C4244: '=': conversion from 'float' to 'LONG', possible loss of data
Graphics.cpp(39): warning C4244: '=': conversion from 'float' to 'LONG', possible loss of data
Graphics.cpp(40): warning C4244: '=': conversion from 'float' to 'LONG', possible loss of data
Graphics.cpp(56): warning C4305: 'argument': truncation from 'double' to 'float'
Graphics.cpp(387): warning C4244: '=': conversion from 'float' to 'UINT64', possible loss of data
Graphics.cpp(388): warning C4244: '=': conversion from 'float' to 'UINT', possible loss of data
Graphics.cpp(390): warning C4244: '=': conversion from 'float' to 'UINT16', possible loss of data
Graphics.cpp(435): warning C4244: '=': conversion from 'float' to 'UINT64', possible loss of data
Graphics.cpp(436): warning C4244: '=': conversion from 'float' to 'UINT', possible loss of data
Graphics.cpp(437): warning C4244: '=': conversion from 'float' to 'UINT16', possible loss of data
Graphics.cpp(1024): warning C4244: 'argument': conversion from 'float' to 'UINT', possible loss of data
Graphics.cpp(1060): warning C4244: 'argument': conversion from 'float' to 'UINT', possible loss of data
Graphics.cpp(1201): warning C4244: 'argument': conversion from 'float' to 'UINT', possible loss of data
  Generating code
  9 of 509 functions ( 1.8%) were compiled, the rest were copied from previous compilation.
    0 functions were new in current compilation
    4 functions had inline decision re-evaluated but remain unchanged
  Finished generating code
  FileX.vcxproj -> C:\Users\cyber\documents\visual studio 2015\Projects\FileX\x64\Release\FileX.exe
  FileX.vcxproj -> C:\Users\cyber\documents\visual studio 2015\Projects\FileX\x64\Release\FileX.pdb (Full PDB)
