  compilation object save succeeded; see C:\Users\cyber\documents\visual studio 2015\Projects\FileX\x64\Release\ClearTexGS.cso
  compilation object save succeeded; see C:\Users\cyber\documents\visual studio 2015\Projects\FileX\x64\Release\ClearTexPS.cso
  compilation object save succeeded; see C:\Users\cyber\documents\visual studio 2015\Projects\FileX\x64\Release\ClearTexVS.cso
  compilation object save succeeded; see C:\Users\cyber\documents\visual studio 2015\Projects\FileX\x64\Release\DensityGS.cso
C:\Users\cyber\documents\visual studio 2015\Projects\FileX\FileX\DensityH.hlsl(99,9-52): warning X3206: implicit truncation of vector type
  
  compilation object save succeeded; see C:\Users\cyber\documents\visual studio 2015\Projects\FileX\x64\Release\DensityPS.cso
C:\Users\cyber\documents\visual studio 2015\Projects\FileX\FileX\SampleDensityVS.hlsl(4,20-56): warning X3206: implicit truncation of vector type
  
  compilation object save succeeded; see C:\Users\cyber\documents\visual studio 2015\Projects\FileX\x64\Release\SampleDensityVS.cso
C:\Users\cyber\documents\visual studio 2015\Projects\FileX\FileX\DensityH.hlsl(99,9-52): warning X3206: implicit truncation of vector type
  
  compilation object save succeeded; see C:\Users\cyber\documents\visual studio 2015\Projects\FileX\x64\Release\SearchTerrainCS.cso
  compilation object save succeeded; see C:\Users\cyber\documents\visual studio 2015\Projects\FileX\x64\Release\UploadGS.cso
  compilation object save succeeded; see C:\Users\cyber\documents\visual studio 2015\Projects\FileX\x64\Release\UploadPS.cso
  compilation object save succeeded; see C:\Users\cyber\documents\visual studio 2015\Projects\FileX\x64\Release\UploadVS.cso
  compilation object save succeeded; see C:\Users\cyber\documents\visual studio 2015\Projects\FileX\x64\Release\VertSplatPS.cso
  compilation object save succeeded; see C:\Users\cyber\documents\visual studio 2015\Projects\FileX\x64\Release\VertSplatVS.cso
  compilation object save succeeded; see C:\Users\cyber\documents\visual studio 2015\Projects\FileX\x64\Release\VertSplatGS.cso
  compilation object save succeeded; see C:\Users\cyber\documents\visual studio 2015\Projects\FileX\x64\Release\GenIndicesGS.cso
  compilation object save succeeded; see C:\Users\cyber\documents\visual studio 2015\Projects\FileX\x64\Release\GenIndicesVS.cso
  compilation object save succeeded; see C:\Users\cyber\documents\visual studio 2015\Projects\FileX\x64\Release\GenVertsGS.cso
  compilation object save succeeded; see C:\Users\cyber\documents\visual studio 2015\Projects\FileX\x64\Release\GenVertsVS.cso
  compilation object save succeeded; see C:\Users\cyber\documents\visual studio 2015\Projects\FileX\x64\Release\OccupiedGS.cso
  compilation object save succeeded; see C:\Users\cyber\documents\visual studio 2015\Projects\FileX\x64\Release\OccupiedVS.cso
  compilation object save succeeded; see C:\Users\cyber\documents\visual studio 2015\Projects\FileX\x64\Release\RenderPS.cso
  compilation object save succeeded; see C:\Users\cyber\documents\visual studio 2015\Projects\FileX\x64\Release\RenderVS.cso
  compilation object save succeeded; see C:\Users\cyber\documents\visual studio 2015\Projects\FileX\x64\Release\VertexMeshGS.cso
C:\Users\cyber\documents\visual studio 2015\Projects\FileX\FileX\DensityH.hlsl(99,9-52): warning X3206: implicit truncation of vector type
  
  compilation object save succeeded; see C:\Users\cyber\documents\visual studio 2015\Projects\FileX\x64\Release\VertexMeshVS.cso
  compilation object save succeeded; see C:\Users\cyber\documents\visual studio 2015\Projects\FileX\x64\Release\DensityVS.cso
  FindY.cpp
c:\users\cyber\documents\visual studio 2015\projects\filex\filex\Graphics.h(94): warning C4244: 'initializing': conversion from 'const float' to 'const UINT', possible loss of data
c:\users\cyber\documents\visual studio 2015\projects\filex\filex\Graphics.h(96): warning C4244: 'initializing': conversion from 'const float' to 'const UINT', possible loss of data
c:\users\cyber\documents\visual studio 2015\projects\filex\filex\Graphics.h(100): warning C4244: 'initializing': conversion from 'const float' to 'const UINT', possible loss of data
  Graphics.cpp
c:\users\cyber\documents\visual studio 2015\projects\filex\filex\Graphics.h(94): warning C4244: 'initializing': conversion from 'const float' to 'const UINT', possible loss of data
c:\users\cyber\documents\visual studio 2015\projects\filex\filex\Graphics.h(96): warning C4244: 'initializing': conversion from 'const float' to 'const UINT', possible loss of data
c:\users\cyber\documents\visual studio 2015\projects\filex\filex\Graphics.h(100): warning C4244: 'initializing': conversion from 'const float' to 'const UINT', possible loss of data
Graphics.cpp(27): warning C4244: '=': conversion from 'const UINT' to 'FLOAT', possible loss of data
Graphics.cpp(28): warning C4244: '=': conversion from 'const UINT' to 'FLOAT', possible loss of data
Graphics.cpp(31): warning C4244: '=': conversion from 'UINT' to 'FLOAT', possible loss of data
Graphics.cpp(32): warning C4244: '=': conversion from 'const UINT' to 'FLOAT', possible loss of data
Graphics.cpp(49): warning C4244: '=': conversion from 'const float' to 'LONG', possible loss of data
Graphics.cpp(65): warning C4305: 'argument': truncation from 'double' to 'float'
Graphics.cpp(718): warning C4244: '=': conversion from 'const float' to 'UINT16', possible loss of data
Graphics.cpp(794): warning C4244: '=': conversion from 'const float' to 'UINT', possible loss of data
Graphics.cpp(1589): warning C4244: 'argument': conversion from 'const float' to 'UINT', possible loss of data
  Image.cpp
c:\users\cyber\documents\visual studio 2015\projects\filex\filex\Graphics.h(94): warning C4244: 'initializing': conversion from 'const float' to 'const UINT', possible loss of data
c:\users\cyber\documents\visual studio 2015\projects\filex\filex\Graphics.h(96): warning C4244: 'initializing': conversion from 'const float' to 'const UINT', possible loss of data
c:\users\cyber\documents\visual studio 2015\projects\filex\filex\Graphics.h(100): warning C4244: 'initializing': conversion from 'const float' to 'const UINT', possible loss of data
Image.cpp(56): warning C4800: 'ILuint': forcing value to bool 'true' or 'false' (performance warning)
Image.cpp(205): warning C4018: '<': signed/unsigned mismatch
  Image2D.cpp
c:\users\cyber\documents\visual studio 2015\projects\filex\filex\Graphics.h(94): warning C4244: 'initializing': conversion from 'const float' to 'const UINT', possible loss of data
c:\users\cyber\documents\visual studio 2015\projects\filex\filex\Graphics.h(96): warning C4244: 'initializing': conversion from 'const float' to 'const UINT', possible loss of data
c:\users\cyber\documents\visual studio 2015\projects\filex\filex\Graphics.h(100): warning C4244: 'initializing': conversion from 'const float' to 'const UINT', possible loss of data
  main.cpp
c:\users\cyber\documents\visual studio 2015\projects\filex\filex\Graphics.h(94): warning C4244: 'initializing': conversion from 'const float' to 'const UINT', possible loss of data
c:\users\cyber\documents\visual studio 2015\projects\filex\filex\Graphics.h(96): warning C4244: 'initializing': conversion from 'const float' to 'const UINT', possible loss of data
c:\users\cyber\documents\visual studio 2015\projects\filex\filex\Graphics.h(100): warning C4244: 'initializing': conversion from 'const float' to 'const UINT', possible loss of data
main.cpp(9): warning C4101: 'window': unreferenced local variable
  Generating code
  332 of 862 functions (38.5%) were compiled, the rest were copied from previous compilation.
    271 functions were new in current compilation
    8 functions had inline decision re-evaluated but remain unchanged
  Finished generating code
  FileX.vcxproj -> C:\Users\cyber\documents\visual studio 2015\Projects\FileX\x64\Release\FileX.exe
  FileX.vcxproj -> C:\Users\cyber\documents\visual studio 2015\Projects\FileX\x64\Release\FileX.pdb (Full PDB)
