c:\users\cyber\documents\visual studio 2015\projects\filex\filex\x64\release\vc140.pdb
c:\users\cyber\documents\visual studio 2015\projects\filex\filex\x64\release\window.obj
c:\users\cyber\documents\visual studio 2015\projects\filex\filex\x64\release\manager.obj
c:\users\cyber\documents\visual studio 2015\projects\filex\filex\x64\release\shader.obj
c:\users\cyber\documents\visual studio 2015\projects\filex\filex\x64\release\parser.obj
c:\users\cyber\documents\visual studio 2015\projects\filex\filex\x64\release\main.obj
c:\users\cyber\documents\visual studio 2015\projects\filex\filex\x64\release\graphics.obj
c:\users\cyber\documents\visual studio 2015\projects\filex\x64\release\cleartexgs.cso
c:\users\cyber\documents\visual studio 2015\projects\filex\x64\release\cleartexps.cso
c:\users\cyber\documents\visual studio 2015\projects\filex\x64\release\cleartexvs.cso
c:\users\cyber\documents\visual studio 2015\projects\filex\x64\release\densitygs.cso
c:\users\cyber\documents\visual studio 2015\projects\filex\x64\release\densityps.cso
c:\users\cyber\documents\visual studio 2015\projects\filex\x64\release\vertsplatps.cso
c:\users\cyber\documents\visual studio 2015\projects\filex\x64\release\vertsplatvs.cso
c:\users\cyber\documents\visual studio 2015\projects\filex\x64\release\vertsplatgs.cso
c:\users\cyber\documents\visual studio 2015\projects\filex\x64\release\genindicesgs.cso
c:\users\cyber\documents\visual studio 2015\projects\filex\x64\release\genindicesvs.cso
c:\users\cyber\documents\visual studio 2015\projects\filex\x64\release\genvertsgs.cso
c:\users\cyber\documents\visual studio 2015\projects\filex\x64\release\genvertsvs.cso
c:\users\cyber\documents\visual studio 2015\projects\filex\x64\release\occupiedgs.cso
c:\users\cyber\documents\visual studio 2015\projects\filex\x64\release\occupiedvs.cso
c:\users\cyber\documents\visual studio 2015\projects\filex\x64\release\renderps.cso
c:\users\cyber\documents\visual studio 2015\projects\filex\x64\release\rendervs.cso
c:\users\cyber\documents\visual studio 2015\projects\filex\x64\release\vertexmeshgs.cso
c:\users\cyber\documents\visual studio 2015\projects\filex\x64\release\vertexmeshvs.cso
c:\users\cyber\documents\visual studio 2015\projects\filex\x64\release\densityvs.cso
c:\users\cyber\documents\visual studio 2015\projects\filex\x64\release\simplexgs.cso
c:\users\cyber\documents\visual studio 2015\projects\filex\x64\release\simplexps.cso
c:\users\cyber\documents\visual studio 2015\projects\filex\x64\release\filex.exe
c:\users\cyber\documents\visual studio 2015\projects\filex\x64\release\filex.ipdb
c:\users\cyber\documents\visual studio 2015\projects\filex\x64\release\filex.iobj
c:\users\cyber\documents\visual studio 2015\projects\filex\x64\release\filex.pdb
c:\users\cyber\documents\visual studio 2015\projects\filex\filex\x64\release\filex.tlog\cl.command.1.tlog
c:\users\cyber\documents\visual studio 2015\projects\filex\filex\x64\release\filex.tlog\cl.read.1.tlog
c:\users\cyber\documents\visual studio 2015\projects\filex\filex\x64\release\filex.tlog\cl.write.1.tlog
c:\users\cyber\documents\visual studio 2015\projects\filex\filex\x64\release\filex.tlog\filex.write.1u.tlog
c:\users\cyber\documents\visual studio 2015\projects\filex\filex\x64\release\filex.tlog\fxc.command.1.tlog
c:\users\cyber\documents\visual studio 2015\projects\filex\filex\x64\release\filex.tlog\fxc.read.1.tlog
c:\users\cyber\documents\visual studio 2015\projects\filex\filex\x64\release\filex.tlog\fxc.write.1.tlog
c:\users\cyber\documents\visual studio 2015\projects\filex\filex\x64\release\filex.tlog\link.command.1.tlog
c:\users\cyber\documents\visual studio 2015\projects\filex\filex\x64\release\filex.tlog\link.read.1.tlog
c:\users\cyber\documents\visual studio 2015\projects\filex\filex\x64\release\filex.tlog\link.write.1.tlog
