c:\users\cyber\documents\visual studio 2015\projects\filex\filex\x64\debug\vc140.pdb
c:\users\cyber\documents\visual studio 2015\projects\filex\filex\x64\debug\vc140.idb
c:\users\cyber\documents\visual studio 2015\projects\filex\filex\x64\debug\graphics.obj
c:\users\cyber\documents\visual studio 2015\projects\filex\filex\x64\debug\main.obj
c:\users\cyber\documents\visual studio 2015\projects\filex\filex\x64\debug\manager.obj
c:\users\cyber\documents\visual studio 2015\projects\filex\filex\x64\debug\shader.obj
c:\users\cyber\documents\visual studio 2015\projects\filex\filex\x64\debug\window.obj
c:\users\cyber\documents\visual studio 2015\projects\filex\filex\x64\debug\parser.obj
c:\users\cyber\documents\visual studio 2015\projects\filex\filex\x64\debug\findy.obj
c:\users\cyber\documents\visual studio 2015\projects\filex\filex\x64\debug\image.obj
c:\users\cyber\documents\visual studio 2015\projects\filex\filex\x64\debug\image2d.obj
c:\users\cyber\documents\visual studio 2015\projects\filex\x64\debug\proceduralvs.cso
c:\users\cyber\documents\visual studio 2015\projects\filex\x64\debug\proceduralgs.cso
c:\users\cyber\documents\visual studio 2015\projects\filex\x64\debug\proceduralps.cso
c:\users\cyber\documents\visual studio 2015\projects\filex\x64\debug\renderps.cso
c:\users\cyber\documents\visual studio 2015\projects\filex\x64\debug\rendervs.cso
c:\users\cyber\documents\visual studio 2015\projects\filex\x64\debug\densitygs.cso
c:\users\cyber\documents\visual studio 2015\projects\filex\x64\debug\densityps.cso
c:\users\cyber\documents\visual studio 2015\projects\filex\x64\debug\densityvs.cso
c:\users\cyber\documents\visual studio 2015\projects\filex\x64\debug\occupiedgs.cso
c:\users\cyber\documents\visual studio 2015\projects\filex\x64\debug\occupiedvs.cso
c:\users\cyber\documents\visual studio 2015\projects\filex\x64\debug\vertexmeshgs.cso
c:\users\cyber\documents\visual studio 2015\projects\filex\x64\debug\vertexmeshvs.cso
c:\users\cyber\documents\visual studio 2015\projects\filex\x64\debug\genvertsgs.cso
c:\users\cyber\documents\visual studio 2015\projects\filex\x64\debug\genvertsvs.cso
c:\users\cyber\documents\visual studio 2015\projects\filex\x64\debug\indexmeshgs.cso
c:\users\cyber\documents\visual studio 2015\projects\filex\x64\debug\indexmeshvs.cso
c:\users\cyber\documents\visual studio 2015\projects\filex\x64\debug\vertsplatps.cso
c:\users\cyber\documents\visual studio 2015\projects\filex\x64\debug\vertsplatvs.cso
c:\users\cyber\documents\visual studio 2015\projects\filex\x64\debug\vertsplatgs.cso
c:\users\cyber\documents\visual studio 2015\projects\filex\x64\debug\genindicesgs.cso
c:\users\cyber\documents\visual studio 2015\projects\filex\x64\debug\genindicesvs.cso
c:\users\cyber\documents\visual studio 2015\projects\filex\x64\debug\cleartexgs.cso
c:\users\cyber\documents\visual studio 2015\projects\filex\x64\debug\cleartexps.cso
c:\users\cyber\documents\visual studio 2015\projects\filex\x64\debug\cleartexvs.cso
c:\users\cyber\documents\visual studio 2015\projects\filex\x64\debug\simplexgs.cso
c:\users\cyber\documents\visual studio 2015\projects\filex\x64\debug\simplexps.cso
c:\users\cyber\documents\visual studio 2015\projects\filex\x64\debug\simplexvs.cso
c:\users\cyber\documents\visual studio 2015\projects\filex\x64\debug\sampledensity.cso
c:\users\cyber\documents\visual studio 2015\projects\filex\x64\debug\sampledensityvs.cso
c:\users\cyber\documents\visual studio 2015\projects\filex\x64\debug\searchterraincs.cso
c:\users\cyber\documents\visual studio 2015\projects\filex\x64\debug\marbleps.cso
c:\users\cyber\documents\visual studio 2015\projects\filex\x64\debug\marblevs.cso
c:\users\cyber\documents\visual studio 2015\projects\filex\x64\debug\uploadgs.cso
c:\users\cyber\documents\visual studio 2015\projects\filex\x64\debug\uploadps.cso
c:\users\cyber\documents\visual studio 2015\projects\filex\x64\debug\uploadvs.cso
c:\users\cyber\documents\visual studio 2015\projects\filex\x64\debug\filex.ilk
c:\users\cyber\documents\visual studio 2015\projects\filex\x64\debug\filex.exe
c:\users\cyber\documents\visual studio 2015\projects\filex\x64\debug\filex.pdb
c:\users\cyber\documents\visual studio 2015\projects\filex\filex\x64\debug\image.obj.enc
c:\users\cyber\documents\visual studio 2015\projects\filex\filex\x64\debug\filex.tlog\cl.command.1.tlog
c:\users\cyber\documents\visual studio 2015\projects\filex\filex\x64\debug\filex.tlog\cl.read.1.tlog
c:\users\cyber\documents\visual studio 2015\projects\filex\filex\x64\debug\filex.tlog\cl.write.1.tlog
c:\users\cyber\documents\visual studio 2015\projects\filex\filex\x64\debug\filex.tlog\filex.write.1u.tlog
c:\users\cyber\documents\visual studio 2015\projects\filex\filex\x64\debug\filex.tlog\fxc.command.1.tlog
c:\users\cyber\documents\visual studio 2015\projects\filex\filex\x64\debug\filex.tlog\fxc.read.1.tlog
c:\users\cyber\documents\visual studio 2015\projects\filex\filex\x64\debug\filex.tlog\fxc.write.1.tlog
c:\users\cyber\documents\visual studio 2015\projects\filex\filex\x64\debug\filex.tlog\link.command.1.tlog
c:\users\cyber\documents\visual studio 2015\projects\filex\filex\x64\debug\filex.tlog\link.read.1.tlog
c:\users\cyber\documents\visual studio 2015\projects\filex\filex\x64\debug\filex.tlog\link.write.1.tlog
